{"/Users/Gurrehmat_Oberoi/react-native-first-app/AwesomeForms/src/components/App/App.js": {"path":"/Users/Gurrehmat_Oberoi/react-native-first-app/AwesomeForms/src/components/App/App.js","statementMap":{"0":{"start":{"line":8,"column":4},"end":{"line":13,"column":6}}},"fnMap":{"0":{"name":"(anonymous_0)","decl":{"start":{"line":7,"column":2},"end":{"line":7,"column":3}},"loc":{"start":{"line":7,"column":11},"end":{"line":14,"column":3}},"line":7}},"branchMap":{},"s":{"0":1},"f":{"0":1},"b":{},"_coverageSchema":"43e27e138ebf9cfc5966b082cf9a028302ed4184","hash":"cf868183fc4e0b2549d7a77c51470520eaebf9d7"}
,"/Users/Gurrehmat_Oberoi/react-native-first-app/AwesomeForms/src/components/FormNameCard/FormNameCard.component.js": {"path":"/Users/Gurrehmat_Oberoi/react-native-first-app/AwesomeForms/src/components/FormNameCard/FormNameCard.component.js","statementMap":{"0":{"start":{"line":11,"column":8},"end":{"line":11,"column":18}},"1":{"start":{"line":12,"column":4},"end":{"line":18,"column":6}},"2":{"start":{"line":22,"column":0},"end":{"line":25,"column":2}},"3":{"start":{"line":27,"column":0},"end":{"line":30,"column":2}}},"fnMap":{"0":{"name":"(anonymous_0)","decl":{"start":{"line":7,"column":2},"end":{"line":7,"column":3}},"loc":{"start":{"line":7,"column":11},"end":{"line":19,"column":3}},"line":7}},"branchMap":{},"s":{"0":2,"1":2,"2":2,"3":2},"f":{"0":2},"b":{},"_coverageSchema":"43e27e138ebf9cfc5966b082cf9a028302ed4184","hash":"5b4ce0590e41d60cdaa9ac68d1d7a588349e187c"}
,"/Users/Gurrehmat_Oberoi/react-native-first-app/AwesomeForms/src/components/FormNameCard/FormNameCard.component.style.js": {"path":"/Users/Gurrehmat_Oberoi/react-native-first-app/AwesomeForms/src/components/FormNameCard/FormNameCard.component.style.js","statementMap":{"0":{"start":{"line":3,"column":15},"end":{"line":25,"column":2}}},"fnMap":{},"branchMap":{},"s":{"0":2},"f":{},"b":{},"_coverageSchema":"43e27e138ebf9cfc5966b082cf9a028302ed4184","hash":"8fbc7f945001c0bcbe5c28d52363b1e2551df947"}
}
