TN:
SF:/Users/Gurrehmat_Oberoi/react-native-first-app/AwesomeForms/src/components/App/App.js
FN:7,(anonymous_0)
FNF:1
FNH:1
FNDA:1,(anonymous_0)
DA:8,1
LF:1
LH:1
BRF:0
BRH:0
end_of_record
TN:
SF:/Users/Gurrehmat_Oberoi/react-native-first-app/AwesomeForms/src/components/FormNameCard/FormNameCard.component.js
FN:7,(anonymous_0)
FNF:1
FNH:1
FNDA:2,(anonymous_0)
DA:11,2
DA:12,2
DA:22,2
DA:27,2
LF:4
LH:4
BRF:0
BRH:0
end_of_record
TN:
SF:/Users/Gurrehmat_Oberoi/react-native-first-app/AwesomeForms/src/components/FormNameCard/FormNameCard.component.style.js
FNF:0
FNH:0
DA:3,2
LF:1
LH:1
BRF:0
BRH:0
end_of_record
